TN:
SF:server.js
FN:59,(anonymous_0)
FN:68,(anonymous_1)
FN:76,(anonymous_2)
FN:97,(anonymous_3)
FN:124,(anonymous_4)
FN:178,(anonymous_5)
FN:195,(anonymous_6)
FN:240,validateToken
FN:281,(anonymous_8)
FN:300,(anonymous_9)
FN:335,(anonymous_10)
FN:362,(anonymous_11)
FN:423,(anonymous_12)
FN:459,(anonymous_13)
FN:489,(anonymous_14)
FN:518,(anonymous_15)
FN:548,(anonymous_16)
FN:561,(anonymous_17)
FN:584,(anonymous_18)
FN:615,(anonymous_19)
FN:676,(anonymous_20)
FN:772,(anonymous_21)
FN:855,(anonymous_22)
FN:886,(anonymous_23)
FN:906,(anonymous_24)
FN:933,(anonymous_25)
FN:982,(anonymous_26)
FN:1019,(anonymous_27)
FN:1050,(anonymous_28)
FN:1073,(anonymous_29)
FN:1103,(anonymous_30)
FN:1123,(anonymous_31)
FN:1133,(anonymous_32)
FN:1134,(anonymous_33)
FN:1216,(anonymous_34)
FN:1228,(anonymous_35)
FN:1306,(anonymous_36)
FN:1317,(anonymous_37)
FN:1401,(anonymous_38)
FN:1462,(anonymous_39)
FN:1501,(anonymous_40)
FN:1502,(anonymous_41)
FN:1505,(anonymous_42)
FN:1506,(anonymous_43)
FN:1534,(anonymous_44)
FN:1554,(anonymous_45)
FN:1581,(anonymous_46)
FN:1635,(anonymous_47)
FN:1677,(anonymous_48)
FN:1708,(anonymous_49)
FN:1728,(anonymous_50)
FN:1756,(anonymous_51)
FN:1813,(anonymous_52)
FN:1860,(anonymous_53)
FN:1886,(anonymous_54)
FN:1913,(anonymous_55)
FN:1941,(anonymous_56)
FN:2001,(anonymous_57)
FN:2054,(anonymous_58)
FN:2089,(anonymous_59)
FN:2128,(anonymous_60)
FN:2158,(anonymous_61)
FN:2185,(anonymous_62)
FN:2253,(anonymous_63)
FN:2326,(anonymous_64)
FN:2369,(anonymous_65)
FN:2421,(anonymous_66)
FN:2447,(anonymous_67)
FN:2469,(anonymous_68)
FN:2488,(anonymous_69)
FN:2507,(anonymous_70)
FN:2526,(anonymous_71)
FN:2546,(anonymous_72)
FN:2566,(anonymous_73)
FN:2595,(anonymous_74)
FN:2614,(anonymous_75)
FN:2645,(anonymous_76)
FN:2664,(anonymous_77)
FN:2687,(anonymous_78)
FN:2714,(anonymous_79)
FN:2733,(anonymous_80)
FN:2755,(anonymous_81)
FN:2775,(anonymous_82)
FN:2794,(anonymous_83)
FN:2816,(anonymous_84)
FN:2836,(anonymous_85)
FN:2856,(anonymous_86)
FN:2884,(anonymous_87)
FN:2903,(anonymous_88)
FN:2926,(anonymous_89)
FN:2944,(anonymous_90)
FN:2967,(anonymous_91)
FN:3003,(anonymous_92)
FN:3046,(anonymous_93)
FN:3081,(anonymous_94)
FN:3100,(anonymous_95)
FN:3155,(anonymous_96)
FN:3189,(anonymous_97)
FN:3233,(anonymous_98)
FN:3272,(anonymous_99)
FN:3318,(anonymous_100)
FN:3366,(anonymous_101)
FN:3407,(anonymous_102)
FN:3457,(anonymous_103)
FN:3501,(anonymous_104)
FN:3582,(anonymous_105)
FN:3674,(anonymous_106)
FN:3904,(anonymous_107)
FN:3968,(anonymous_108)
FN:4015,(anonymous_109)
FN:4058,(anonymous_110)
FN:4088,(anonymous_111)
FN:4127,(anonymous_112)
FN:4198,(anonymous_113)
FN:4275,(anonymous_114)
FN:4308,(anonymous_115)
FN:4347,(anonymous_116)
FN:4386,(anonymous_117)
FN:4426,(anonymous_118)
FN:4434,(anonymous_119)
FN:4446,startServer
FN:4454,(anonymous_121)
FN:4495,(anonymous_122)
FNF:123
FNH:0
FNDA:0,(anonymous_0)
FNDA:0,(anonymous_1)
FNDA:0,(anonymous_2)
FNDA:0,(anonymous_3)
FNDA:0,(anonymous_4)
FNDA:0,(anonymous_5)
FNDA:0,(anonymous_6)
FNDA:0,validateToken
FNDA:0,(anonymous_8)
FNDA:0,(anonymous_9)
FNDA:0,(anonymous_10)
FNDA:0,(anonymous_11)
FNDA:0,(anonymous_12)
FNDA:0,(anonymous_13)
FNDA:0,(anonymous_14)
FNDA:0,(anonymous_15)
FNDA:0,(anonymous_16)
FNDA:0,(anonymous_17)
FNDA:0,(anonymous_18)
FNDA:0,(anonymous_19)
FNDA:0,(anonymous_20)
FNDA:0,(anonymous_21)
FNDA:0,(anonymous_22)
FNDA:0,(anonymous_23)
FNDA:0,(anonymous_24)
FNDA:0,(anonymous_25)
FNDA:0,(anonymous_26)
FNDA:0,(anonymous_27)
FNDA:0,(anonymous_28)
FNDA:0,(anonymous_29)
FNDA:0,(anonymous_30)
FNDA:0,(anonymous_31)
FNDA:0,(anonymous_32)
FNDA:0,(anonymous_33)
FNDA:0,(anonymous_34)
FNDA:0,(anonymous_35)
FNDA:0,(anonymous_36)
FNDA:0,(anonymous_37)
FNDA:0,(anonymous_38)
FNDA:0,(anonymous_39)
FNDA:0,(anonymous_40)
FNDA:0,(anonymous_41)
FNDA:0,(anonymous_42)
FNDA:0,(anonymous_43)
FNDA:0,(anonymous_44)
FNDA:0,(anonymous_45)
FNDA:0,(anonymous_46)
FNDA:0,(anonymous_47)
FNDA:0,(anonymous_48)
FNDA:0,(anonymous_49)
FNDA:0,(anonymous_50)
FNDA:0,(anonymous_51)
FNDA:0,(anonymous_52)
FNDA:0,(anonymous_53)
FNDA:0,(anonymous_54)
FNDA:0,(anonymous_55)
FNDA:0,(anonymous_56)
FNDA:0,(anonymous_57)
FNDA:0,(anonymous_58)
FNDA:0,(anonymous_59)
FNDA:0,(anonymous_60)
FNDA:0,(anonymous_61)
FNDA:0,(anonymous_62)
FNDA:0,(anonymous_63)
FNDA:0,(anonymous_64)
FNDA:0,(anonymous_65)
FNDA:0,(anonymous_66)
FNDA:0,(anonymous_67)
FNDA:0,(anonymous_68)
FNDA:0,(anonymous_69)
FNDA:0,(anonymous_70)
FNDA:0,(anonymous_71)
FNDA:0,(anonymous_72)
FNDA:0,(anonymous_73)
FNDA:0,(anonymous_74)
FNDA:0,(anonymous_75)
FNDA:0,(anonymous_76)
FNDA:0,(anonymous_77)
FNDA:0,(anonymous_78)
FNDA:0,(anonymous_79)
FNDA:0,(anonymous_80)
FNDA:0,(anonymous_81)
FNDA:0,(anonymous_82)
FNDA:0,(anonymous_83)
FNDA:0,(anonymous_84)
FNDA:0,(anonymous_85)
FNDA:0,(anonymous_86)
FNDA:0,(anonymous_87)
FNDA:0,(anonymous_88)
FNDA:0,(anonymous_89)
FNDA:0,(anonymous_90)
FNDA:0,(anonymous_91)
FNDA:0,(anonymous_92)
FNDA:0,(anonymous_93)
FNDA:0,(anonymous_94)
FNDA:0,(anonymous_95)
FNDA:0,(anonymous_96)
FNDA:0,(anonymous_97)
FNDA:0,(anonymous_98)
FNDA:0,(anonymous_99)
FNDA:0,(anonymous_100)
FNDA:0,(anonymous_101)
FNDA:0,(anonymous_102)
FNDA:0,(anonymous_103)
FNDA:0,(anonymous_104)
FNDA:0,(anonymous_105)
FNDA:0,(anonymous_106)
FNDA:0,(anonymous_107)
FNDA:0,(anonymous_108)
FNDA:0,(anonymous_109)
FNDA:0,(anonymous_110)
FNDA:0,(anonymous_111)
FNDA:0,(anonymous_112)
FNDA:0,(anonymous_113)
FNDA:0,(anonymous_114)
FNDA:0,(anonymous_115)
FNDA:0,(anonymous_116)
FNDA:0,(anonymous_117)
FNDA:0,(anonymous_118)
FNDA:0,(anonymous_119)
FNDA:0,startServer
FNDA:0,(anonymous_121)
FNDA:0,(anonymous_122)
DA:2,1
DA:3,1
DA:4,1
DA:5,1
DA:23,1
DA:26,1
DA:27,1
DA:28,1
DA:29,1
DA:38,1
DA:40,1
DA:46,1
DA:47,1
DA:48,1
DA:51,1
DA:56,1
DA:59,1
DA:60,0
DA:61,0
DA:68,1
DA:69,0
DA:76,1
DA:77,0
DA:79,0
DA:82,0
DA:84,0
DA:92,0
DA:97,1
DA:98,0
DA:99,0
DA:100,0
DA:102,0
DA:111,0
DA:112,0
DA:124,1
DA:125,0
DA:126,0
DA:128,0
DA:129,0
DA:135,0
DA:138,0
DA:149,0
DA:150,0
DA:158,0
DA:161,0
DA:169,0
DA:178,0
DA:186,0
DA:187,0
DA:195,1
DA:196,0
DA:197,0
DA:198,0
DA:199,0
DA:205,0
DA:212,0
DA:215,0
DA:216,0
DA:217,0
DA:219,0
DA:220,0
DA:223,0
DA:226,0
DA:231,0
DA:232,0
DA:242,0
DA:243,0
DA:244,0
DA:247,0
DA:248,0
DA:249,0
DA:255,0
DA:256,0
DA:257,0
DA:259,0
DA:260,0
DA:266,0
DA:267,0
DA:269,0
DA:281,1
DA:282,0
DA:284,0
DA:285,0
DA:286,0
DA:293,0
DA:299,0
DA:300,0
DA:301,0
DA:302,0
DA:304,0
DA:308,0
DA:321,0
DA:326,0
DA:327,0
DA:335,1
DA:336,0
DA:337,0
DA:341,0
DA:342,0
DA:348,0
DA:353,0
DA:354,0
DA:362,1
DA:363,0
DA:364,0
DA:365,0
DA:367,0
DA:368,0
DA:374,0
DA:375,0
DA:382,0
DA:389,0
DA:390,0
DA:396,0
DA:409,0
DA:414,0
DA:415,0
DA:423,1
DA:424,0
DA:425,0
DA:427,0
DA:438,0
DA:443,0
DA:444,0
DA:445,0
DA:450,0
DA:459,1
DA:460,0
DA:461,0
DA:465,0
DA:470,0
DA:471,0
DA:472,0
DA:477,0
DA:489,1
DA:490,0
DA:491,0
DA:501,0
DA:506,0
DA:507,0
DA:518,1
DA:519,0
DA:520,0
DA:530,0
DA:535,0
DA:536,0
DA:548,1
DA:549,0
DA:550,0
DA:560,0
DA:562,0
DA:563,0
DA:564,0
DA:566,0
DA:570,0
DA:575,0
DA:576,0
DA:584,1
DA:585,0
DA:586,0
DA:594,0
DA:595,0
DA:601,0
DA:606,0
DA:607,0
DA:615,1
DA:616,0
DA:617,0
DA:619,0
DA:620,0
DA:638,0
DA:640,0
DA:641,0
DA:648,0
DA:649,0
DA:655,0
DA:656,0
DA:663,0
DA:664,0
DA:668,0
DA:669,0
DA:676,0
DA:678,0
DA:714,0
DA:715,0
DA:716,0
DA:717,0
DA:718,0
DA:721,0
DA:736,0
DA:753,0
DA:758,0
DA:763,0
DA:764,0
DA:772,1
DA:773,0
DA:786,0
DA:789,0
DA:790,0
DA:791,0
DA:792,0
DA:800,0
DA:801,0
DA:805,0
DA:806,0
DA:813,0
DA:834,0
DA:839,0
DA:840,0
DA:841,0
DA:846,0
DA:855,1
DA:856,0
DA:857,0
DA:861,0
DA:866,0
DA:867,0
DA:868,0
DA:873,0
DA:886,1
DA:887,0
DA:888,0
DA:892,0
DA:897,0
DA:898,0
DA:906,1
DA:907,0
DA:908,0
DA:912,0
DA:913,0
DA:919,0
DA:924,0
DA:925,0
DA:933,1
DA:934,0
DA:935,0
DA:937,0
DA:938,0
DA:944,0
DA:946,0
DA:947,0
DA:953,0
DA:968,0
DA:973,0
DA:974,0
DA:982,1
DA:983,0
DA:984,0
DA:986,0
DA:998,0
DA:1003,0
DA:1004,0
DA:1005,0
DA:1010,0
DA:1019,1
DA:1020,0
DA:1021,0
DA:1025,0
DA:1030,0
DA:1031,0
DA:1032,0
DA:1037,0
DA:1050,1
DA:1051,0
DA:1052,0
DA:1059,0
DA:1064,0
DA:1065,0
DA:1073,1
DA:1074,0
DA:1075,0
DA:1082,0
DA:1083,0
DA:1089,0
DA:1094,0
DA:1095,0
DA:1103,1
DA:1104,0
DA:1105,0
DA:1106,0
DA:1108,0
DA:1109,0
DA:1115,0
DA:1116,0
DA:1123,0
DA:1125,0
DA:1131,0
DA:1132,0
DA:1133,0
DA:1134,0
DA:1136,0
DA:1137,0
DA:1141,0
DA:1156,0
DA:1180,0
DA:1181,0
DA:1190,0
DA:1194,0
DA:1201,0
DA:1207,0
DA:1208,0
DA:1216,1
DA:1217,0
DA:1218,0
DA:1219,0
DA:1221,0
DA:1222,0
DA:1228,0
DA:1230,0
DA:1238,0
DA:1239,0
DA:1243,0
DA:1258,0
DA:1261,0
DA:1262,0
DA:1264,0
DA:1265,0
DA:1275,0
DA:1279,0
DA:1284,0
DA:1290,0
DA:1291,0
DA:1292,0
DA:1297,0
DA:1306,1
DA:1307,0
DA:1308,0
DA:1310,0
DA:1311,0
DA:1317,0
DA:1319,0
DA:1327,0
DA:1328,0
DA:1332,0
DA:1336,0
DA:1337,0
DA:1341,0
DA:1346,0
DA:1348,0
DA:1352,0
DA:1354,0
DA:1359,0
DA:1369,0
DA:1372,0
DA:1381,0
DA:1382,0
DA:1383,0
DA:1388,0
DA:1401,1
DA:1402,0
DA:1403,0
DA:1404,0
DA:1406,0
DA:1418,0
DA:1440,0
DA:1442,0
DA:1453,0
DA:1454,0
DA:1462,1
DA:1463,0
DA:1464,0
DA:1483,0
DA:1484,0
DA:1491,0
DA:1493,0
DA:1500,0
DA:1501,0
DA:1502,0
DA:1504,0
DA:1505,0
DA:1506,0
DA:1508,0
DA:1521,0
DA:1522,0
DA:1534,1
DA:1535,0
DA:1536,0
DA:1540,0
DA:1545,0
DA:1546,0
DA:1554,1
DA:1555,0
DA:1556,0
DA:1560,0
DA:1561,0
DA:1567,0
DA:1572,0
DA:1573,0
DA:1581,1
DA:1582,0
DA:1583,0
DA:1585,0
DA:1586,0
DA:1592,0
DA:1594,0
DA:1595,0
DA:1601,0
DA:1621,0
DA:1626,0
DA:1627,0
DA:1635,1
DA:1636,0
DA:1637,0
DA:1639,0
DA:1656,0
DA:1661,0
DA:1662,0
DA:1663,0
DA:1668,0
DA:1677,1
DA:1678,0
DA:1679,0
DA:1683,0
DA:1688,0
DA:1689,0
DA:1690,0
DA:1695,0
DA:1708,1
DA:1709,0
DA:1710,0
DA:1714,0
DA:1719,0
DA:1720,0
DA:1728,1
DA:1729,0
DA:1730,0
DA:1731,0
DA:1735,0
DA:1736,0
DA:1742,0
DA:1747,0
DA:1748,0
DA:1756,1
DA:1757,0
DA:1758,0
DA:1760,0
DA:1761,0
DA:1767,0
DA:1769,0
DA:1770,0
DA:1777,0
DA:1778,0
DA:1784,0
DA:1799,0
DA:1804,0
DA:1805,0
DA:1813,1
DA:1814,0
DA:1815,0
DA:1816,0
DA:1818,0
DA:1819,0
DA:1826,0
DA:1827,0
DA:1833,0
DA:1846,0
DA:1851,0
DA:1852,0
DA:1860,1
DA:1861,0
DA:1862,0
DA:1864,0
DA:1868,0
DA:1874,0
DA:1875,0
DA:1886,1
DA:1887,0
DA:1888,0
DA:1890,0
DA:1891,0
DA:1892,0
DA:1894,0
DA:1899,0
DA:1904,0
DA:1905,0
DA:1913,1
DA:1914,0
DA:1915,0
DA:1916,0
DA:1920,0
DA:1921,0
DA:1927,0
DA:1932,0
DA:1933,0
DA:1941,1
DA:1942,0
DA:1943,0
DA:1945,0
DA:1946,0
DA:1952,0
DA:1954,0
DA:1955,0
DA:1962,0
DA:1963,0
DA:1967,0
DA:1968,0
DA:1975,0
DA:1987,0
DA:1992,0
DA:1993,0
DA:2001,1
DA:2002,0
DA:2003,0
DA:2004,0
DA:2006,0
DA:2007,0
DA:2014,0
DA:2015,0
DA:2022,0
DA:2023,0
DA:2030,0
DA:2040,0
DA:2045,0
DA:2046,0
DA:2054,1
DA:2055,0
DA:2056,0
DA:2059,0
DA:2063,0
DA:2064,0
DA:2070,0
DA:2074,0
DA:2080,0
DA:2081,0
DA:2089,1
DA:2090,0
DA:2091,0
DA:2092,0
DA:2094,0
DA:2095,0
DA:2101,0
DA:2109,0
DA:2115,0
DA:2116,0
DA:2128,1
DA:2129,0
DA:2130,0
DA:2132,0
DA:2133,0
DA:2134,0
DA:2136,0
DA:2144,0
DA:2149,0
DA:2150,0
DA:2158,1
DA:2159,0
DA:2160,0
DA:2164,0
DA:2165,0
DA:2171,0
DA:2176,0
DA:2177,0
DA:2185,1
DA:2186,0
DA:2187,0
DA:2189,0
DA:2190,0
DA:2209,0
DA:2212,0
DA:2213,0
DA:2219,0
DA:2239,0
DA:2244,0
DA:2245,0
DA:2253,1
DA:2254,0
DA:2268,0
DA:2271,0
DA:2275,0
DA:2276,0
DA:2283,0
DA:2284,0
DA:2293,0
DA:2312,0
DA:2317,0
DA:2318,0
DA:2326,1
DA:2327,0
DA:2328,0
DA:2332,0
DA:2333,0
DA:2340,0
DA:2344,0
DA:2345,0
DA:2351,0
DA:2355,0
DA:2360,0
DA:2361,0
DA:2369,1
DA:2370,0
DA:2371,0
DA:2373,0
DA:2377,0
DA:2378,0
DA:2385,0
DA:2386,0
DA:2395,0
DA:2403,0
DA:2408,0
DA:2409,0
DA:2421,1
DA:2422,0
DA:2423,0
DA:2425,0
DA:2433,0
DA:2438,0
DA:2439,0
DA:2447,1
DA:2448,0
DA:2449,0
DA:2450,0
DA:2452,0
DA:2458,0
DA:2459,0
DA:2469,1
DA:2470,0
DA:2471,0
DA:2472,0
DA:2474,0
DA:2479,0
DA:2480,0
DA:2488,1
DA:2489,0
DA:2490,0
DA:2491,0
DA:2493,0
DA:2498,0
DA:2499,0
DA:2507,1
DA:2508,0
DA:2509,0
DA:2510,0
DA:2512,0
DA:2517,0
DA:2518,0
DA:2526,1
DA:2527,0
DA:2528,0
DA:2529,0
DA:2531,0
DA:2537,0
DA:2538,0
DA:2546,1
DA:2547,0
DA:2548,0
DA:2549,0
DA:2551,0
DA:2557,0
DA:2558,0
DA:2566,1
DA:2567,0
DA:2568,0
DA:2569,0
DA:2571,0
DA:2572,0
DA:2578,0
DA:2580,0
DA:2586,0
DA:2587,0
DA:2595,1
DA:2596,0
DA:2597,0
DA:2598,0
DA:2600,0
DA:2605,0
DA:2606,0
DA:2614,1
DA:2615,0
DA:2616,0
DA:2617,0
DA:2619,0
DA:2620,0
DA:2626,0
DA:2630,0
DA:2636,0
DA:2637,0
DA:2645,1
DA:2646,0
DA:2647,0
DA:2648,0
DA:2650,0
DA:2655,0
DA:2656,0
DA:2664,1
DA:2665,0
DA:2666,0
DA:2667,0
DA:2669,0
DA:2674,0
DA:2675,0
DA:2687,1
DA:2688,0
DA:2689,0
DA:2690,0
DA:2698,0
DA:2700,0
DA:2705,0
DA:2706,0
DA:2714,1
DA:2715,0
DA:2716,0
DA:2717,0
DA:2719,0
DA:2724,0
DA:2725,0
DA:2733,1
DA:2734,0
DA:2735,0
DA:2736,0
DA:2738,0
DA:2740,0
DA:2746,0
DA:2747,0
DA:2755,1
DA:2756,0
DA:2757,0
DA:2758,0
DA:2760,0
DA:2766,0
DA:2767,0
DA:2775,1
DA:2776,0
DA:2777,0
DA:2778,0
DA:2780,0
DA:2785,0
DA:2786,0
DA:2794,1
DA:2795,0
DA:2796,0
DA:2797,0
DA:2799,0
DA:2801,0
DA:2807,0
DA:2808,0
DA:2816,1
DA:2817,0
DA:2818,0
DA:2819,0
DA:2821,0
DA:2827,0
DA:2828,0
DA:2836,1
DA:2837,0
DA:2838,0
DA:2839,0
DA:2841,0
DA:2847,0
DA:2848,0
DA:2856,1
DA:2857,0
DA:2858,0
DA:2859,0
DA:2864,0
DA:2866,0
DA:2871,0
DA:2872,0
DA:2884,1
DA:2885,0
DA:2886,0
DA:2887,0
DA:2889,0
DA:2894,0
DA:2895,0
DA:2903,1
DA:2904,0
DA:2905,0
DA:2906,0
DA:2908,0
DA:2913,0
DA:2914,0
DA:2926,1
DA:2927,0
DA:2928,0
DA:2930,0
DA:2935,0
DA:2936,0
DA:2944,1
DA:2945,0
DA:2946,0
DA:2947,0
DA:2953,0
DA:2958,0
DA:2959,0
DA:2967,1
DA:2968,0
DA:2969,0
DA:2970,0
DA:2972,0
DA:2973,0
DA:2979,0
DA:2988,0
DA:2994,0
DA:2995,0
DA:3003,1
DA:3004,0
DA:3005,0
DA:3007,0
DA:3028,0
DA:3033,0
DA:3034,0
DA:3046,1
DA:3047,0
DA:3048,0
DA:3050,0
DA:3051,0
DA:3052,0
DA:3054,0
DA:3081,0
DA:3086,0
DA:3091,0
DA:3092,0
DA:3100,1
DA:3101,0
DA:3102,0
DA:3130,0
DA:3131,0
DA:3137,0
DA:3142,0
DA:3143,0
DA:3151,1
DA:3156,0
DA:3178,0
DA:3180,0
DA:3181,0
DA:3188,0
DA:3189,0
DA:3190,0
DA:3191,0
DA:3192,0
DA:3193,0
DA:3195,0
DA:3202,0
DA:3203,0
DA:3205,0
DA:3233,0
DA:3258,0
DA:3263,0
DA:3264,0
DA:3272,1
DA:3273,0
DA:3295,0
DA:3298,0
DA:3302,0
DA:3303,0
DA:3309,0
DA:3310,0
DA:3317,0
DA:3318,0
DA:3319,0
DA:3320,0
DA:3321,0
DA:3322,0
DA:3324,0
DA:3331,0
DA:3332,0
DA:3335,0
DA:3339,0
DA:3366,0
DA:3391,0
DA:3396,0
DA:3397,0
DA:3405,1
DA:3408,0
DA:3409,0
DA:3414,0
DA:3415,0
DA:3421,0
DA:3422,0
DA:3429,0
DA:3434,0
DA:3438,0
DA:3443,0
DA:3444,0
DA:3452,1
DA:3458,0
DA:3459,0
DA:3472,0
DA:3473,0
DA:3479,0
DA:3480,0
DA:3487,0
DA:3494,0
DA:3495,0
DA:3501,0
DA:3503,0
DA:3504,0
DA:3506,0
DA:3507,0
DA:3508,0
DA:3510,0
DA:3520,0
DA:3523,0
DA:3524,0
DA:3530,0
DA:3533,0
DA:3534,0
DA:3540,0
DA:3557,0
DA:3560,0
DA:3567,0
DA:3568,0
DA:3581,0
DA:3582,0
DA:3583,0
DA:3584,0
DA:3585,0
DA:3587,0
DA:3591,0
DA:3592,0
DA:3593,0
DA:3603,0
DA:3607,0
DA:3612,0
DA:3644,0
DA:3654,0
DA:3660,0
DA:3661,0
DA:3669,1
DA:3675,0
DA:3686,0
DA:3688,0
DA:3689,0
DA:3695,0
DA:3700,0
DA:3701,0
DA:3707,0
DA:3708,0
DA:3714,0
DA:3715,0
DA:3716,0
DA:3718,0
DA:3719,0
DA:3726,0
DA:3746,0
DA:3764,0
DA:3767,0
DA:3779,0
DA:3786,0
DA:3787,0
DA:3800,0
DA:3805,0
DA:3812,0
DA:3816,0
DA:3818,0
DA:3819,0
DA:3822,0
DA:3847,0
DA:3857,0
DA:3858,0
DA:3859,0
DA:3861,0
DA:3881,0
DA:3891,0
DA:3892,0
DA:3900,1
DA:3905,0
DA:3906,0
DA:3907,0
DA:3909,0
DA:3917,0
DA:3918,0
DA:3921,0
DA:3922,0
DA:3925,0
DA:3926,0
DA:3933,0
DA:3948,0
DA:3955,0
DA:3956,0
DA:3963,1
DA:3969,0
DA:3970,0
DA:3971,0
DA:3973,0
DA:3981,0
DA:3982,0
DA:3985,0
DA:3986,0
DA:3996,0
DA:4004,0
DA:4005,0
DA:4015,1
DA:4016,0
DA:4017,0
DA:4020,0
DA:4031,0
DA:4046,0
DA:4047,0
DA:4058,1
DA:4059,0
DA:4060,0
DA:4067,0
DA:4074,0
DA:4088,1
DA:4089,0
DA:4090,0
DA:4092,0
DA:4093,0
DA:4099,0
DA:4103,0
DA:4118,0
DA:4119,0
DA:4127,1
DA:4128,0
DA:4129,0
DA:4131,0
DA:4132,0
DA:4148,0
DA:4150,0
DA:4184,0
DA:4189,0
DA:4190,0
DA:4198,1
DA:4199,0
DA:4200,0
DA:4202,0
DA:4203,0
DA:4209,0
DA:4210,0
DA:4211,0
DA:4214,0
DA:4215,0
DA:4218,0
DA:4226,0
DA:4227,0
DA:4228,0
DA:4231,0
DA:4234,0
DA:4236,0
DA:4241,0
DA:4256,0
DA:4260,0
DA:4266,0
DA:4267,0
DA:4275,1
DA:4276,0
DA:4277,0
DA:4279,0
DA:4280,0
DA:4286,0
DA:4294,0
DA:4299,0
DA:4300,0
DA:4308,1
DA:4309,0
DA:4310,0
DA:4311,0
DA:4313,0
DA:4314,0
DA:4320,0
DA:4333,0
DA:4338,0
DA:4339,0
DA:4347,1
DA:4348,0
DA:4349,0
DA:4350,0
DA:4352,0
DA:4353,0
DA:4359,0
DA:4372,0
DA:4377,0
DA:4378,0
DA:4386,1
DA:4387,0
DA:4388,0
DA:4389,0
DA:4391,0
DA:4392,0
DA:4398,0
DA:4411,0
DA:4416,0
DA:4417,0
DA:4426,1
DA:4427,0
DA:4434,1
DA:4435,0
DA:4436,0
DA:4447,0
DA:4449,0
DA:4450,0
DA:4451,0
DA:4454,0
DA:4455,0
DA:4456,0
DA:4457,0
DA:4458,0
DA:4459,0
DA:4460,0
DA:4461,0
DA:4462,0
DA:4463,0
DA:4464,0
DA:4465,0
DA:4466,0
DA:4467,0
DA:4468,0
DA:4469,0
DA:4470,0
DA:4471,0
DA:4472,0
DA:4473,0
DA:4474,0
DA:4475,0
DA:4476,0
DA:4477,0
DA:4478,0
DA:4479,0
DA:4480,0
DA:4481,0
DA:4482,0
DA:4486,0
DA:4487,0
DA:4492,1
DA:4495,1
DA:4496,0
DA:4497,0
DA:4498,0
DA:4502,1
DA:4503,0
LF:1121
LH:118
BRDA:47,0,0,1
BRDA:47,0,1,0
BRDA:87,1,0,0
BRDA:87,1,1,0
BRDA:88,2,0,0
BRDA:88,2,1,0
BRDA:128,3,0,0
BRDA:128,3,1,0
BRDA:128,4,0,0
BRDA:128,4,1,0
BRDA:149,5,0,0
BRDA:149,5,1,0
BRDA:165,6,0,0
BRDA:165,6,1,0
BRDA:198,7,0,0
BRDA:198,7,1,0
BRDA:198,8,0,0
BRDA:198,8,1,0
BRDA:217,9,0,0
BRDA:217,9,1,0
BRDA:242,10,0,0
BRDA:242,10,1,0
BRDA:242,11,0,0
BRDA:242,11,1,0
BRDA:248,12,0,0
BRDA:248,12,1,0
BRDA:248,13,0,0
BRDA:248,13,1,0
BRDA:259,14,0,0
BRDA:259,14,1,0
BRDA:285,15,0,0
BRDA:285,15,1,0
BRDA:299,16,0,0
BRDA:299,16,1,0
BRDA:301,17,0,0
BRDA:301,17,1,0
BRDA:341,18,0,0
BRDA:341,18,1,0
BRDA:367,19,0,0
BRDA:367,19,1,0
BRDA:367,20,0,0
BRDA:367,20,1,0
BRDA:367,20,2,0
BRDA:374,21,0,0
BRDA:374,21,1,0
BRDA:389,22,0,0
BRDA:389,22,1,0
BRDA:430,23,0,0
BRDA:430,23,1,0
BRDA:431,24,0,0
BRDA:431,24,1,0
BRDA:432,25,0,0
BRDA:432,25,1,0
BRDA:433,26,0,0
BRDA:433,26,1,0
BRDA:444,27,0,0
BRDA:444,27,1,0
BRDA:471,28,0,0
BRDA:471,28,1,0
BRDA:562,29,0,0
BRDA:562,29,1,0
BRDA:594,30,0,0
BRDA:594,30,1,0
BRDA:619,31,0,0
BRDA:619,31,1,0
BRDA:637,32,0,0
BRDA:640,33,0,0
BRDA:640,33,1,0
BRDA:640,34,0,0
BRDA:640,34,1,0
BRDA:640,34,2,0
BRDA:648,35,0,0
BRDA:648,35,1,0
BRDA:648,36,0,0
BRDA:648,36,1,0
BRDA:655,37,0,0
BRDA:655,37,1,0
BRDA:655,38,0,0
BRDA:655,38,1,0
BRDA:663,39,0,0
BRDA:663,39,1,0
BRDA:668,40,0,0
BRDA:668,40,1,0
BRDA:668,41,0,0
BRDA:668,41,1,0
BRDA:684,42,0,0
BRDA:684,42,1,0
BRDA:687,43,0,0
BRDA:687,43,1,0
BRDA:689,44,0,0
BRDA:689,44,1,0
BRDA:695,45,0,0
BRDA:695,45,1,0
BRDA:700,46,0,0
BRDA:700,46,1,0
BRDA:705,47,0,0
BRDA:705,47,1,0
BRDA:705,47,2,0
BRDA:714,48,0,0
BRDA:714,48,1,0
BRDA:714,49,0,0
BRDA:714,49,1,0
BRDA:716,50,0,0
BRDA:716,50,1,0
BRDA:716,51,0,0
BRDA:716,51,1,0
BRDA:789,52,0,0
BRDA:789,52,1,0
BRDA:791,53,0,0
BRDA:791,53,1,0
BRDA:800,54,0,0
BRDA:800,54,1,0
BRDA:800,55,0,0
BRDA:800,55,1,0
BRDA:805,56,0,0
BRDA:805,56,1,0
BRDA:805,57,0,0
BRDA:805,57,1,0
BRDA:816,58,0,0
BRDA:816,58,1,0
BRDA:817,59,0,0
BRDA:817,59,1,0
BRDA:818,60,0,0
BRDA:818,60,1,0
BRDA:819,61,0,0
BRDA:819,61,1,0
BRDA:820,62,0,0
BRDA:820,62,1,0
BRDA:821,63,0,0
BRDA:821,63,1,0
BRDA:822,64,0,0
BRDA:822,64,1,0
BRDA:823,65,0,0
BRDA:823,65,1,0
BRDA:824,66,0,0
BRDA:824,66,1,0
BRDA:825,67,0,0
BRDA:825,67,1,0
BRDA:826,68,0,0
BRDA:826,68,1,0
BRDA:840,69,0,0
BRDA:840,69,1,0
BRDA:867,70,0,0
BRDA:867,70,1,0
BRDA:912,71,0,0
BRDA:912,71,1,0
BRDA:937,72,0,0
BRDA:937,72,1,0
BRDA:946,73,0,0
BRDA:946,73,1,0
BRDA:959,74,0,0
BRDA:959,74,1,0
BRDA:960,75,0,0
BRDA:960,75,1,0
BRDA:989,76,0,0
BRDA:989,76,1,0
BRDA:990,77,0,0
BRDA:990,77,1,0
BRDA:991,78,0,0
BRDA:991,78,1,0
BRDA:992,79,0,0
BRDA:992,79,1,0
BRDA:993,80,0,0
BRDA:993,80,1,0
BRDA:1004,81,0,0
BRDA:1004,81,1,0
BRDA:1031,82,0,0
BRDA:1031,82,1,0
BRDA:1082,83,0,0
BRDA:1082,83,1,0
BRDA:1108,84,0,0
BRDA:1108,84,1,0
BRDA:1108,85,0,0
BRDA:1108,85,1,0
BRDA:1108,85,2,0
BRDA:1115,86,0,0
BRDA:1115,86,1,0
BRDA:1133,87,0,0
BRDA:1133,87,1,0
BRDA:1136,88,0,0
BRDA:1136,88,1,0
BRDA:1148,89,0,0
BRDA:1148,89,1,0
BRDA:1162,90,0,0
BRDA:1162,90,1,0
BRDA:1163,91,0,0
BRDA:1163,91,1,0
BRDA:1164,92,0,0
BRDA:1164,92,1,0
BRDA:1165,93,0,0
BRDA:1165,93,1,0
BRDA:1166,94,0,0
BRDA:1166,94,1,0
BRDA:1170,95,0,0
BRDA:1170,95,1,0
BRDA:1172,96,0,0
BRDA:1172,96,1,0
BRDA:1173,97,0,0
BRDA:1173,97,1,0
BRDA:1180,98,0,0
BRDA:1180,98,1,0
BRDA:1221,99,0,0
BRDA:1221,99,1,0
BRDA:1238,100,0,0
BRDA:1238,100,1,0
BRDA:1246,101,0,0
BRDA:1246,101,1,0
BRDA:1247,102,0,0
BRDA:1247,102,1,0
BRDA:1248,103,0,0
BRDA:1248,103,1,0
BRDA:1249,104,0,0
BRDA:1249,104,1,0
BRDA:1250,105,0,0
BRDA:1250,105,1,0
BRDA:1251,106,0,0
BRDA:1251,106,1,0
BRDA:1252,107,0,0
BRDA:1252,107,1,0
BRDA:1258,108,0,0
BRDA:1258,108,1,0
BRDA:1258,109,0,0
BRDA:1258,109,1,0
BRDA:1258,109,2,0
BRDA:1258,109,3,0
BRDA:1261,110,0,0
BRDA:1261,110,1,0
BRDA:1262,111,0,0
BRDA:1262,111,1,0
BRDA:1264,112,0,0
BRDA:1264,112,1,0
BRDA:1291,113,0,0
BRDA:1291,113,1,0
BRDA:1310,114,0,0
BRDA:1310,114,1,0
BRDA:1327,115,0,0
BRDA:1327,115,1,0
BRDA:1336,116,0,0
BRDA:1336,116,1,0
BRDA:1346,117,0,0
BRDA:1346,117,1,0
BRDA:1352,118,0,0
BRDA:1352,118,1,0
BRDA:1377,119,0,0
BRDA:1377,119,1,0
BRDA:1382,120,0,0
BRDA:1382,120,1,0
BRDA:1403,121,0,0
BRDA:1403,122,0,0
BRDA:1409,123,0,0
BRDA:1409,123,1,0
BRDA:1409,123,2,0
BRDA:1415,124,0,0
BRDA:1415,124,1,0
BRDA:1483,125,0,0
BRDA:1483,125,1,0
BRDA:1560,126,0,0
BRDA:1560,126,1,0
BRDA:1585,127,0,0
BRDA:1585,127,1,0
BRDA:1594,128,0,0
BRDA:1594,128,1,0
BRDA:1607,129,0,0
BRDA:1607,129,1,0
BRDA:1609,130,0,0
BRDA:1609,130,1,0
BRDA:1613,131,0,0
BRDA:1613,131,1,0
BRDA:1642,132,0,0
BRDA:1642,132,1,0
BRDA:1643,133,0,0
BRDA:1643,133,1,0
BRDA:1644,134,0,0
BRDA:1644,134,1,0
BRDA:1645,135,0,0
BRDA:1645,135,1,0
BRDA:1646,136,0,0
BRDA:1646,136,1,0
BRDA:1647,137,0,0
BRDA:1647,137,1,0
BRDA:1648,138,0,0
BRDA:1648,138,1,0
BRDA:1649,139,0,0
BRDA:1649,139,1,0
BRDA:1650,140,0,0
BRDA:1650,140,1,0
BRDA:1651,141,0,0
BRDA:1651,141,1,0
BRDA:1662,142,0,0
BRDA:1662,142,1,0
BRDA:1689,143,0,0
BRDA:1689,143,1,0
BRDA:1735,144,0,0
BRDA:1735,144,1,0
BRDA:1760,145,0,0
BRDA:1760,145,1,0
BRDA:1769,146,0,0
BRDA:1769,146,1,0
BRDA:1769,147,0,0
BRDA:1769,147,1,0
BRDA:1769,147,2,0
BRDA:1777,148,0,0
BRDA:1777,148,1,0
BRDA:1777,149,0,0
BRDA:1777,149,1,0
BRDA:1789,150,0,0
BRDA:1789,150,1,0
BRDA:1790,151,0,0
BRDA:1790,151,1,0
BRDA:1791,152,0,0
BRDA:1791,152,1,0
BRDA:1792,153,0,0
BRDA:1792,153,1,0
BRDA:1818,154,0,0
BRDA:1818,154,1,0
BRDA:1818,155,0,0
BRDA:1818,155,1,0
BRDA:1818,155,2,0
BRDA:1826,156,0,0
BRDA:1826,156,1,0
BRDA:1826,157,0,0
BRDA:1826,157,1,0
BRDA:1838,158,0,0
BRDA:1838,158,1,0
BRDA:1839,159,0,0
BRDA:1839,159,1,0
BRDA:1840,160,0,0
BRDA:1840,160,1,0
BRDA:1841,161,0,0
BRDA:1841,161,1,0
BRDA:1891,162,0,0
BRDA:1891,162,1,0
BRDA:1892,163,0,0
BRDA:1892,163,1,0
BRDA:1920,164,0,0
BRDA:1920,164,1,0
BRDA:1945,165,0,0
BRDA:1945,165,1,0
BRDA:1954,166,0,0
BRDA:1954,166,1,0
BRDA:1962,167,0,0
BRDA:1962,167,1,0
BRDA:1967,168,0,0
BRDA:1967,168,1,0
BRDA:1979,169,0,0
BRDA:1979,169,1,0
BRDA:1980,170,0,0
BRDA:1980,170,1,0
BRDA:1981,171,0,0
BRDA:1981,171,1,0
BRDA:2006,172,0,0
BRDA:2006,172,1,0
BRDA:2014,173,0,0
BRDA:2014,173,1,0
BRDA:2022,174,0,0
BRDA:2022,174,1,0
BRDA:2034,175,0,0
BRDA:2034,175,1,0
BRDA:2035,176,0,0
BRDA:2035,176,1,0
BRDA:2063,177,0,0
BRDA:2063,177,1,0
BRDA:2094,178,0,0
BRDA:2094,178,1,0
BRDA:2094,179,0,0
BRDA:2094,179,1,0
BRDA:2133,180,0,0
BRDA:2133,180,1,0
BRDA:2134,181,0,0
BRDA:2134,181,1,0
BRDA:2164,182,0,0
BRDA:2164,182,1,0
BRDA:2189,183,0,0
BRDA:2189,183,1,0
BRDA:2212,184,0,0
BRDA:2212,184,1,0
BRDA:2228,185,0,0
BRDA:2228,185,1,0
BRDA:2233,186,0,0
BRDA:2233,186,1,0
BRDA:2275,187,0,0
BRDA:2275,187,1,0
BRDA:2283,188,0,0
BRDA:2283,188,1,0
BRDA:2296,189,0,0
BRDA:2296,189,1,0
BRDA:2297,190,0,0
BRDA:2297,190,1,0
BRDA:2298,191,0,0
BRDA:2298,191,1,0
BRDA:2299,192,0,0
BRDA:2299,192,1,0
BRDA:2300,193,0,0
BRDA:2300,193,1,0
BRDA:2301,194,0,0
BRDA:2301,194,1,0
BRDA:2302,195,0,0
BRDA:2302,195,1,0
BRDA:2303,196,0,0
BRDA:2303,196,1,0
BRDA:2304,197,0,0
BRDA:2304,197,1,0
BRDA:2305,198,0,0
BRDA:2305,198,1,0
BRDA:2306,199,0,0
BRDA:2306,199,1,0
BRDA:2307,200,0,0
BRDA:2307,200,1,0
BRDA:2332,201,0,0
BRDA:2332,201,1,0
BRDA:2344,202,0,0
BRDA:2344,202,1,0
BRDA:2377,203,0,0
BRDA:2377,203,1,0
BRDA:2385,204,0,0
BRDA:2385,204,1,0
BRDA:2461,205,0,0
BRDA:2461,205,1,0
BRDA:2482,206,0,0
BRDA:2482,206,1,0
BRDA:2501,207,0,0
BRDA:2501,207,1,0
BRDA:2520,208,0,0
BRDA:2520,208,1,0
BRDA:2540,209,0,0
BRDA:2540,209,1,0
BRDA:2560,210,0,0
BRDA:2560,210,1,0
BRDA:2571,211,0,0
BRDA:2571,211,1,0
BRDA:2583,212,0,0
BRDA:2583,212,1,0
BRDA:2589,213,0,0
BRDA:2589,213,1,0
BRDA:2608,214,0,0
BRDA:2608,214,1,0
BRDA:2619,215,0,0
BRDA:2619,215,1,0
BRDA:2619,216,0,0
BRDA:2619,216,1,0
BRDA:2639,217,0,0
BRDA:2639,217,1,0
BRDA:2658,218,0,0
BRDA:2658,218,1,0
BRDA:2677,219,0,0
BRDA:2677,219,1,0
BRDA:2727,220,0,0
BRDA:2727,220,1,0
BRDA:2736,221,0,0
BRDA:2736,221,1,0
BRDA:2749,222,0,0
BRDA:2749,222,1,0
BRDA:2769,223,0,0
BRDA:2769,223,1,0
BRDA:2788,224,0,0
BRDA:2788,224,1,0
BRDA:2797,225,0,0
BRDA:2797,225,1,0
BRDA:2810,226,0,0
BRDA:2810,226,1,0
BRDA:2830,227,0,0
BRDA:2830,227,1,0
BRDA:2850,228,0,0
BRDA:2850,228,1,0
BRDA:2916,229,0,0
BRDA:2916,229,1,0
BRDA:2946,230,0,0
BRDA:2972,231,0,0
BRDA:2972,231,1,0
BRDA:2972,232,0,0
BRDA:2972,232,1,0
BRDA:2972,232,2,0
BRDA:2984,233,0,0
BRDA:2984,233,1,0
BRDA:3048,234,0,0
BRDA:3048,235,0,0
BRDA:3051,236,0,0
BRDA:3051,236,1,0
BRDA:3052,237,0,0
BRDA:3052,237,1,0
BRDA:3083,238,0,0
BRDA:3083,238,1,0
BRDA:3083,239,0,0
BRDA:3083,239,1,0
BRDA:3130,240,0,0
BRDA:3130,240,1,0
BRDA:3172,241,0,0
BRDA:3173,242,0,0
BRDA:3174,243,0,0
BRDA:3175,244,0,0
BRDA:3176,245,0,0
BRDA:3180,246,0,0
BRDA:3180,246,1,0
BRDA:3180,247,0,0
BRDA:3180,247,1,0
BRDA:3180,247,2,0
BRDA:3180,247,3,0
BRDA:3190,248,0,0
BRDA:3190,248,1,0
BRDA:3190,249,0,0
BRDA:3190,249,1,0
BRDA:3191,250,0,0
BRDA:3191,250,1,0
BRDA:3202,251,0,0
BRDA:3202,251,1,0
BRDA:3208,252,0,0
BRDA:3208,252,1,0
BRDA:3214,253,0,0
BRDA:3214,253,1,0
BRDA:3225,254,0,0
BRDA:3225,254,1,0
BRDA:3236,255,0,0
BRDA:3236,255,1,0
BRDA:3238,256,0,0
BRDA:3238,256,1,0
BRDA:3240,257,0,0
BRDA:3240,257,1,0
BRDA:3241,258,0,0
BRDA:3241,258,1,0
BRDA:3242,259,0,0
BRDA:3242,259,1,0
BRDA:3243,260,0,0
BRDA:3243,260,1,0
BRDA:3244,261,0,0
BRDA:3244,261,1,0
BRDA:3289,262,0,0
BRDA:3290,263,0,0
BRDA:3291,264,0,0
BRDA:3292,265,0,0
BRDA:3293,266,0,0
BRDA:3302,267,0,0
BRDA:3302,267,1,0
BRDA:3309,268,0,0
BRDA:3309,268,1,0
BRDA:3319,269,0,0
BRDA:3319,269,1,0
BRDA:3319,270,0,0
BRDA:3319,270,1,0
BRDA:3320,271,0,0
BRDA:3320,271,1,0
BRDA:3327,272,0,0
BRDA:3327,272,1,0
BRDA:3331,273,0,0
BRDA:3331,273,1,0
BRDA:3342,274,0,0
BRDA:3342,274,1,0
BRDA:3343,275,0,0
BRDA:3343,275,1,0
BRDA:3344,276,0,0
BRDA:3344,276,1,0
BRDA:3345,277,0,0
BRDA:3345,277,1,0
BRDA:3346,278,0,0
BRDA:3346,278,1,0
BRDA:3347,279,0,0
BRDA:3347,279,1,0
BRDA:3348,280,0,0
BRDA:3348,280,1,0
BRDA:3356,281,0,0
BRDA:3356,281,1,0
BRDA:3357,282,0,0
BRDA:3357,282,1,0
BRDA:3358,283,0,0
BRDA:3358,283,1,0
BRDA:3359,284,0,0
BRDA:3359,284,1,0
BRDA:3360,285,0,0
BRDA:3360,285,1,0
BRDA:3361,286,0,0
BRDA:3361,286,1,0
BRDA:3362,287,0,0
BRDA:3362,287,1,0
BRDA:3363,288,0,0
BRDA:3363,288,1,0
BRDA:3369,289,0,0
BRDA:3369,289,1,0
BRDA:3371,290,0,0
BRDA:3371,290,1,0
BRDA:3373,291,0,0
BRDA:3373,291,1,0
BRDA:3374,292,0,0
BRDA:3374,292,1,0
BRDA:3375,293,0,0
BRDA:3375,293,1,0
BRDA:3376,294,0,0
BRDA:3376,294,1,0
BRDA:3377,295,0,0
BRDA:3377,295,1,0
BRDA:3414,296,0,0
BRDA:3414,296,1,0
BRDA:3421,297,0,0
BRDA:3421,297,1,0
BRDA:3472,298,0,0
BRDA:3472,298,1,0
BRDA:3479,299,0,0
BRDA:3479,299,1,0
BRDA:3494,300,0,0
BRDA:3494,300,1,0
BRDA:3507,301,0,0
BRDA:3507,301,1,0
BRDA:3523,302,0,0
BRDA:3523,302,1,0
BRDA:3567,303,0,0
BRDA:3567,303,1,0
BRDA:3583,304,0,0
BRDA:3583,304,1,0
BRDA:3584,305,0,0
BRDA:3584,305,1,0
BRDA:3679,306,0,0
BRDA:3683,307,0,0
BRDA:3684,308,0,0
BRDA:3685,309,0,0
BRDA:3688,310,0,0
BRDA:3688,310,1,0
BRDA:3688,311,0,0
BRDA:3688,311,1,0
BRDA:3688,311,2,0
BRDA:3700,312,0,0
BRDA:3700,312,1,0
BRDA:3707,313,0,0
BRDA:3707,313,1,0
BRDA:3718,314,0,0
BRDA:3718,314,1,0
BRDA:3786,315,0,0
BRDA:3786,315,1,0
BRDA:3816,316,0,0
BRDA:3816,316,1,0
BRDA:3818,317,0,0
BRDA:3818,317,1,0
BRDA:3832,318,0,0
BRDA:3832,318,1,0
BRDA:3859,319,0,0
BRDA:3859,319,1,0
BRDA:3907,320,0,0
BRDA:3907,320,1,0
BRDA:3917,321,0,0
BRDA:3917,321,1,0
BRDA:3921,322,0,0
BRDA:3921,322,1,0
BRDA:3925,323,0,0
BRDA:3925,323,1,0
BRDA:3939,324,0,0
BRDA:3939,324,1,0
BRDA:3940,325,0,0
BRDA:3940,325,1,0
BRDA:3941,326,0,0
BRDA:3941,326,1,0
BRDA:3971,327,0,0
BRDA:3971,327,1,0
BRDA:3981,328,0,0
BRDA:3981,328,1,0
BRDA:3985,329,0,0
BRDA:3985,329,1,0
BRDA:4092,330,0,0
BRDA:4092,330,1,0
BRDA:4105,331,0,0
BRDA:4105,331,1,0
BRDA:4131,332,0,0
BRDA:4131,332,1,0
BRDA:4153,333,0,0
BRDA:4153,333,1,0
BRDA:4154,334,0,0
BRDA:4154,334,1,0
BRDA:4155,335,0,0
BRDA:4155,335,1,0
BRDA:4156,336,0,0
BRDA:4156,336,1,0
BRDA:4157,337,0,0
BRDA:4157,337,1,0
BRDA:4158,338,0,0
BRDA:4158,338,1,0
BRDA:4159,339,0,0
BRDA:4159,339,1,0
BRDA:4160,340,0,0
BRDA:4160,340,1,0
BRDA:4168,341,0,0
BRDA:4168,341,1,0
BRDA:4169,342,0,0
BRDA:4169,342,1,0
BRDA:4170,343,0,0
BRDA:4170,343,1,0
BRDA:4171,344,0,0
BRDA:4171,344,1,0
BRDA:4172,345,0,0
BRDA:4172,345,1,0
BRDA:4173,346,0,0
BRDA:4173,346,1,0
BRDA:4174,347,0,0
BRDA:4174,347,1,0
BRDA:4175,348,0,0
BRDA:4175,348,1,0
BRDA:4202,349,0,0
BRDA:4202,349,1,0
BRDA:4279,350,0,0
BRDA:4279,350,1,0
BRDA:4313,351,0,0
BRDA:4313,351,1,0
BRDA:4352,352,0,0
BRDA:4352,352,1,0
BRDA:4391,353,0,0
BRDA:4391,353,1,0
BRDA:4502,354,0,0
BRDA:4502,354,1,1
BRF:703
BRH:2
end_of_record
TN:
SF:services/accounting-transaction-service.js
FN:12,(anonymous_0)
FN:26,(anonymous_1)
FN:47,(anonymous_2)
FN:107,(anonymous_3)
FN:141,(anonymous_4)
FN:179,(anonymous_5)
FN:201,(anonymous_6)
FN:229,(anonymous_7)
FN:235,(anonymous_8)
FN:236,(anonymous_9)
FN:259,(anonymous_10)
FN:273,(anonymous_11)
FN:292,(anonymous_12)
FN:320,(anonymous_13)
FN:326,(anonymous_14)
FN:363,(anonymous_15)
FN:407,(anonymous_16)
FN:412,(anonymous_17)
FN:500,(anonymous_18)
FN:505,(anonymous_19)
FN:609,(anonymous_20)
FN:628,(anonymous_21)
FN:629,(anonymous_22)
FNF:23
FNH:1
FNDA:1,(anonymous_0)
FNDA:0,(anonymous_1)
FNDA:0,(anonymous_2)
FNDA:0,(anonymous_3)
FNDA:0,(anonymous_4)
FNDA:0,(anonymous_5)
FNDA:0,(anonymous_6)
FNDA:0,(anonymous_7)
FNDA:0,(anonymous_8)
FNDA:0,(anonymous_9)
FNDA:0,(anonymous_10)
FNDA:0,(anonymous_11)
FNDA:0,(anonymous_12)
FNDA:0,(anonymous_13)
FNDA:0,(anonymous_14)
FNDA:0,(anonymous_15)
FNDA:0,(anonymous_16)
FNDA:0,(anonymous_17)
FNDA:0,(anonymous_18)
FNDA:0,(anonymous_19)
FNDA:0,(anonymous_20)
FNDA:0,(anonymous_21)
FNDA:0,(anonymous_22)
DA:1,1
DA:2,1
DA:4,1
DA:13,1
DA:34,0
DA:37,0
DA:38,0
DA:39,0
DA:40,0
DA:45,0
DA:47,0
DA:48,0
DA:50,0
DA:51,0
DA:55,0
DA:58,0
DA:59,0
DA:63,0
DA:64,0
DA:68,0
DA:69,0
DA:73,0
DA:85,0
DA:89,0
DA:90,0
DA:92,0
DA:108,0
DA:118,0
DA:119,0
DA:120,0
DA:121,0
DA:122,0
DA:123,0
DA:125,0
DA:129,0
DA:142,0
DA:143,0
DA:145,0
DA:180,0
DA:202,0
DA:210,0
DA:211,0
DA:214,0
DA:215,0
DA:218,0
DA:219,0
DA:230,0
DA:231,0
DA:235,0
DA:236,0
DA:238,0
DA:239,0
DA:243,0
DA:260,0
DA:261,0
DA:264,0
DA:273,0
DA:276,0
DA:280,0
DA:281,0
DA:293,0
DA:321,0
DA:328,0
DA:333,0
DA:334,0
DA:337,0
DA:338,0
DA:342,0
DA:363,0
DA:375,0
DA:380,0
DA:389,0
DA:408,0
DA:414,0
DA:418,0
DA:419,0
DA:422,0
DA:423,0
DA:427,0
DA:452,0
DA:462,0
DA:463,0
DA:474,0
DA:501,0
DA:506,0
DA:507,0
DA:509,0
DA:512,0
DA:520,0
DA:521,0
DA:524,0
DA:525,0
DA:528,0
DA:529,0
DA:533,0
DA:544,0
DA:545,0
DA:548,0
DA:552,0
DA:560,0
DA:561,0
DA:564,0
DA:568,0
DA:572,0
DA:573,0
DA:577,0
DA:578,0
DA:584,0
DA:592,0
DA:595,0
DA:598,0
DA:610,0
DA:628,0
DA:629,0
DA:630,0
DA:632,0
DA:643,1
LF:117
LH:5
BRDA:12,0,0,1
BRDA:13,1,0,1
BRDA:13,1,1,1
BRDA:33,2,0,0
BRDA:37,3,0,0
BRDA:37,3,1,0
BRDA:39,4,0,0
BRDA:39,4,1,0
BRDA:50,5,0,0
BRDA:50,5,1,0
BRDA:58,6,0,0
BRDA:58,6,1,0
BRDA:58,7,0,0
BRDA:58,7,1,0
BRDA:63,8,0,0
BRDA:63,8,1,0
BRDA:68,9,0,0
BRDA:68,9,1,0
BRDA:78,10,0,0
BRDA:78,10,1,0
BRDA:89,11,0,0
BRDA:89,11,1,0
BRDA:118,12,0,0
BRDA:118,12,1,0
BRDA:119,13,0,0
BRDA:119,13,1,0
BRDA:121,14,0,0
BRDA:121,14,1,0
BRDA:123,15,0,0
BRDA:123,15,1,0
BRDA:210,16,0,0
BRDA:210,16,1,0
BRDA:214,17,0,0
BRDA:214,17,1,0
BRDA:218,18,0,0
BRDA:218,18,1,0
BRDA:238,19,0,0
BRDA:238,19,1,0
BRDA:280,20,0,0
BRDA:280,20,1,0
BRDA:280,21,0,0
BRDA:280,21,1,0
BRDA:320,22,0,0
BRDA:333,23,0,0
BRDA:333,23,1,0
BRDA:337,24,0,0
BRDA:337,24,1,0
BRDA:418,25,0,0
BRDA:418,25,1,0
BRDA:422,26,0,0
BRDA:422,26,1,0
BRDA:433,27,0,0
BRDA:433,27,1,0
BRDA:462,28,0,0
BRDA:462,28,1,0
BRDA:462,29,0,0
BRDA:462,29,1,0
BRDA:482,30,0,0
BRDA:482,30,1,0
BRDA:509,31,0,0
BRDA:509,31,1,0
BRDA:509,31,2,0
BRDA:520,32,0,0
BRDA:520,32,1,0
BRDA:524,33,0,0
BRDA:524,33,1,0
BRDA:528,34,0,0
BRDA:528,34,1,0
BRDA:544,35,0,0
BRDA:544,35,1,0
BRDA:572,36,0,0
BRDA:572,36,1,0
BRDA:577,37,0,0
BRDA:577,37,1,0
BRDA:609,38,0,0
BRF:75
BRH:3
end_of_record
TN:
SF:services/fiscal-year-service.js
FN:12,(anonymous_0)
FN:21,(anonymous_1)
FN:48,(anonymous_2)
FN:117,(anonymous_3)
FN:160,(anonymous_4)
FN:178,(anonymous_5)
FN:255,(anonymous_6)
FN:273,(anonymous_7)
FN:295,(anonymous_8)
FN:317,(anonymous_9)
FN:334,(anonymous_10)
FN:393,(anonymous_11)
FN:440,(anonymous_12)
FN:493,(anonymous_13)
FN:602,(anonymous_14)
FN:638,(anonymous_15)
FN:669,(anonymous_16)
FN:712,(anonymous_17)
FN:773,(anonymous_18)
FN:782,(anonymous_19)
FN:785,(anonymous_20)
FNF:21
FNH:1
FNDA:2,(anonymous_0)
FNDA:0,(anonymous_1)
FNDA:0,(anonymous_2)
FNDA:0,(anonymous_3)
FNDA:0,(anonymous_4)
FNDA:0,(anonymous_5)
FNDA:0,(anonymous_6)
FNDA:0,(anonymous_7)
FNDA:0,(anonymous_8)
FNDA:0,(anonymous_9)
FNDA:0,(anonymous_10)
FNDA:0,(anonymous_11)
FNDA:0,(anonymous_12)
FNDA:0,(anonymous_13)
FNDA:0,(anonymous_14)
FNDA:0,(anonymous_15)
FNDA:0,(anonymous_16)
FNDA:0,(anonymous_17)
FNDA:0,(anonymous_18)
FNDA:0,(anonymous_19)
FNDA:0,(anonymous_20)
DA:1,1
DA:2,1
DA:4,1
DA:13,2
DA:22,0
DA:35,0
DA:37,0
DA:40,0
DA:50,0
DA:61,0
DA:62,0
DA:77,0
DA:105,0
DA:107,0
DA:118,0
DA:121,0
DA:129,0
DA:148,0
DA:149,0
DA:152,0
DA:161,0
DA:162,0
DA:165,0
DA:166,0
DA:167,0
DA:179,0
DA:180,0
DA:182,0
DA:184,0
DA:185,0
DA:188,0
DA:189,0
DA:191,0
DA:192,0
DA:193,0
DA:196,0
DA:199,0
DA:200,0
DA:202,0
DA:203,0
DA:204,0
DA:207,0
DA:210,0
DA:211,0
DA:212,0
DA:215,0
DA:218,0
DA:226,0
DA:227,0
DA:242,0
DA:246,0
DA:256,0
DA:261,0
DA:262,0
DA:264,0
DA:274,0
DA:277,0
DA:286,0
DA:296,0
DA:302,0
DA:318,0
DA:335,0
DA:337,0
DA:338,0
DA:341,0
DA:348,0
DA:351,0
DA:352,0
DA:353,0
DA:354,0
DA:356,0
DA:359,0
DA:360,0
DA:361,0
DA:363,0
DA:364,0
DA:366,0
DA:369,0
DA:370,0
DA:371,0
DA:373,0
DA:374,0
DA:376,0
DA:379,0
DA:380,0
DA:383,0
DA:394,0
DA:398,0
DA:399,0
DA:402,0
DA:403,0
DA:407,0
DA:416,0
DA:417,0
DA:420,0
DA:422,0
DA:441,0
DA:445,0
DA:446,0
DA:449,0
DA:450,0
DA:454,0
DA:470,0
DA:471,0
DA:474,0
DA:495,0
DA:502,0
DA:503,0
DA:506,0
DA:508,0
DA:510,0
DA:526,0
DA:528,0
DA:534,0
DA:537,0
DA:547,0
DA:561,0
DA:574,0
DA:582,0
DA:592,0
DA:604,0
DA:612,0
DA:613,0
DA:616,0
DA:617,0
DA:620,0
DA:635,0
DA:636,0
DA:638,0
DA:639,0
DA:640,0
DA:641,0
DA:642,0
DA:643,0
DA:647,0
DA:649,0
DA:671,0
DA:690,0
DA:709,0
DA:712,0
DA:713,0
DA:715,0
DA:716,0
DA:729,0
DA:730,0
DA:745,0
DA:746,0
DA:760,0
DA:764,0
DA:774,0
DA:782,0
DA:785,0
DA:786,0
DA:787,0
DA:790,0
DA:804,1
LF:156
LH:5
BRDA:12,0,0,0
BRDA:13,1,0,2
BRDA:13,1,1,0
BRDA:35,2,0,0
BRDA:35,2,1,0
BRDA:61,3,0,0
BRDA:61,3,1,0
BRDA:121,4,0,0
BRDA:121,4,1,0
BRDA:121,4,2,0
BRDA:121,4,3,0
BRDA:148,5,0,0
BRDA:148,5,1,0
BRDA:191,6,0,0
BRDA:191,6,1,0
BRDA:202,7,0,0
BRDA:202,7,1,0
BRDA:210,8,0,0
BRDA:210,8,1,0
BRDA:226,9,0,0
BRDA:226,9,1,0
BRDA:295,10,0,0
BRDA:298,11,0,0
BRDA:298,11,1,0
BRDA:299,12,0,0
BRDA:299,12,1,0
BRDA:334,13,0,0
BRDA:337,14,0,0
BRDA:337,14,1,0
BRDA:348,15,0,0
BRDA:348,15,1,0
BRDA:348,15,2,0
BRDA:348,15,3,0
BRDA:352,16,0,0
BRDA:352,16,1,0
BRDA:352,17,0,0
BRDA:352,17,1,0
BRDA:359,18,0,0
BRDA:359,18,1,0
BRDA:369,19,0,0
BRDA:369,19,1,0
BRDA:393,20,0,0
BRDA:398,21,0,0
BRDA:398,21,1,0
BRDA:402,22,0,0
BRDA:402,22,1,0
BRDA:416,23,0,0
BRDA:416,23,1,0
BRDA:416,24,0,0
BRDA:416,24,1,0
BRDA:420,25,0,0
BRDA:420,25,1,0
BRDA:445,26,0,0
BRDA:445,26,1,0
BRDA:449,27,0,0
BRDA:449,27,1,0
BRDA:470,28,0,0
BRDA:470,28,1,0
BRDA:502,29,0,0
BRDA:502,29,1,0
BRDA:502,30,0,0
BRDA:502,30,1,0
BRDA:612,31,0,0
BRDA:612,31,1,0
BRDA:640,32,0,0
BRDA:640,32,1,0
BRDA:642,33,0,0
BRDA:642,33,1,0
BRDA:715,34,0,0
BRDA:715,34,1,0
BRDA:715,35,0,0
BRDA:715,35,1,0
BRDA:729,36,0,0
BRDA:729,36,1,0
BRDA:729,37,0,0
BRDA:729,37,1,0
BRDA:745,38,0,0
BRDA:745,38,1,0
BRDA:751,39,0,0
BRDA:751,39,1,0
BRDA:752,40,0,0
BRDA:752,40,1,0
BRDA:786,41,0,0
BRDA:786,41,1,0
BRDA:799,42,0,0
BRDA:799,42,1,0
BRDA:799,42,2,0
BRF:87
BRH:1
end_of_record
TN:
SF:services/inventory-service.js
FN:12,(anonymous_0)
FN:27,(anonymous_1)
FN:33,(anonymous_2)
FN:162,(anonymous_3)
FN:181,(anonymous_4)
FN:200,(anonymous_5)
FN:220,(anonymous_6)
FN:224,(anonymous_7)
FN:243,(anonymous_8)
FN:324,(anonymous_9)
FN:328,(anonymous_10)
FN:376,(anonymous_11)
FN:377,(anonymous_12)
FN:452,(anonymous_13)
FN:474,(anonymous_14)
FNF:15
FNH:1
FNDA:2,(anonymous_0)
FNDA:0,(anonymous_1)
FNDA:0,(anonymous_2)
FNDA:0,(anonymous_3)
FNDA:0,(anonymous_4)
FNDA:0,(anonymous_5)
FNDA:0,(anonymous_6)
FNDA:0,(anonymous_7)
FNDA:0,(anonymous_8)
FNDA:0,(anonymous_9)
FNDA:0,(anonymous_10)
FNDA:0,(anonymous_11)
FNDA:0,(anonymous_12)
FNDA:0,(anonymous_13)
FNDA:0,(anonymous_14)
DA:1,1
DA:2,1
DA:4,1
DA:13,2
DA:14,2
DA:28,0
DA:31,0
DA:33,0
DA:35,0
DA:40,0
DA:41,0
DA:44,0
DA:45,0
DA:49,0
DA:59,0
DA:60,0
DA:64,0
DA:102,0
DA:118,0
DA:133,0
DA:153,0
DA:163,0
DA:179,0
DA:181,0
DA:182,0
DA:183,0
DA:184,0
DA:194,0
DA:195,0
DA:196,0
DA:200,0
DA:201,0
DA:202,0
DA:206,0
DA:222,0
DA:224,0
DA:227,0
DA:238,0
DA:239,0
DA:243,0
DA:244,0
DA:246,0
DA:247,0
DA:250,0
DA:251,0
DA:252,0
DA:253,0
DA:256,0
DA:257,0
DA:259,0
DA:260,0
DA:261,0
DA:264,0
DA:273,0
DA:292,0
DA:299,0
DA:300,0
DA:303,0
DA:326,0
DA:328,0
DA:330,0
DA:345,0
DA:364,0
DA:377,0
DA:378,0
DA:383,0
DA:384,0
DA:388,0
DA:399,0
DA:400,0
DA:404,0
DA:441,0
DA:453,0
DA:454,0
DA:456,0
DA:475,0
DA:482,0
DA:486,1
LF:78
LH:6
BRDA:12,0,0,2
BRDA:12,1,0,2
BRDA:13,2,0,2
BRDA:13,2,1,2
BRDA:14,3,0,2
BRDA:14,3,1,2
BRDA:40,4,0,0
BRDA:40,4,1,0
BRDA:40,5,0,0
BRDA:40,5,1,0
BRDA:44,6,0,0
BRDA:44,6,1,0
BRDA:59,7,0,0
BRDA:59,7,1,0
BRDA:183,8,0,0
BRDA:183,8,1,0
BRDA:201,9,0,0
BRDA:201,9,1,0
BRDA:220,10,0,0
BRDA:238,11,0,0
BRDA:238,11,1,0
BRDA:246,12,0,0
BRDA:246,12,1,0
BRDA:257,13,0,0
BRDA:257,13,1,0
BRDA:283,14,0,0
BRDA:283,14,1,0
BRDA:324,15,0,0
BRDA:355,16,0,0
BRDA:355,16,1,0
BRDA:383,17,0,0
BRDA:383,17,1,0
BRDA:383,18,0,0
BRDA:383,18,1,0
BRDA:399,19,0,0
BRDA:399,19,1,0
BRDA:452,20,0,0
BRDA:452,21,0,0
BRDA:454,22,0,0
BRDA:454,22,1,0
BRF:40
BRH:6
end_of_record
TN:
SF:services/inventory-transfer-service.js
FN:21,(anonymous_0)
FN:84,(anonymous_1)
FN:130,(anonymous_2)
FN:200,(anonymous_3)
FN:240,(anonymous_4)
FN:261,(anonymous_5)
FN:280,(anonymous_6)
FN:295,(anonymous_7)
FN:337,(anonymous_8)
FN:353,(anonymous_9)
FN:373,(anonymous_10)
FN:402,(anonymous_11)
FN:462,(anonymous_12)
FN:505,(anonymous_13)
FN:545,(anonymous_14)
FN:605,(anonymous_15)
FN:624,(anonymous_16)
FN:657,(anonymous_17)
FNF:18
FNH:0
FNDA:0,(anonymous_0)
FNDA:0,(anonymous_1)
FNDA:0,(anonymous_2)
FNDA:0,(anonymous_3)
FNDA:0,(anonymous_4)
FNDA:0,(anonymous_5)
FNDA:0,(anonymous_6)
FNDA:0,(anonymous_7)
FNDA:0,(anonymous_8)
FNDA:0,(anonymous_9)
FNDA:0,(anonymous_10)
FNDA:0,(anonymous_11)
FNDA:0,(anonymous_12)
FNDA:0,(anonymous_13)
FNDA:0,(anonymous_14)
FNDA:0,(anonymous_15)
FNDA:0,(anonymous_16)
FNDA:0,(anonymous_17)
DA:1,1
DA:2,1
DA:4,1
DA:6,1
DA:22,0
DA:35,0
DA:75,0
DA:85,0
DA:116,0
DA:117,0
DA:120,0
DA:138,0
DA:141,0
DA:142,0
DA:145,0
DA:154,0
DA:155,0
DA:158,0
DA:159,0
DA:163,0
DA:164,0
DA:167,0
DA:168,0
DA:170,0
DA:171,0
DA:173,0
DA:174,0
DA:178,0
DA:186,0
DA:187,0
DA:191,0
DA:200,0
DA:201,0
DA:203,0
DA:204,0
DA:208,0
DA:209,0
DA:211,0
DA:212,0
DA:214,0
DA:215,0
DA:216,0
DA:218,0
DA:219,0
DA:222,0
DA:224,0
DA:233,0
DA:237,0
DA:240,0
DA:241,0
DA:260,0
DA:262,0
DA:278,0
DA:280,0
DA:296,0
DA:303,0
DA:304,0
DA:307,0
DA:308,0
DA:311,0
DA:328,0
DA:338,0
DA:345,0
DA:346,0
DA:349,0
DA:350,0
DA:353,0
DA:354,0
DA:358,0
DA:363,0
DA:374,0
DA:394,0
DA:395,0
DA:398,0
DA:399,0
DA:402,0
DA:404,0
DA:406,0
DA:417,0
DA:430,0
DA:433,0
DA:452,0
DA:463,0
DA:470,0
DA:471,0
DA:474,0
DA:475,0
DA:478,0
DA:496,0
DA:506,0
DA:513,0
DA:514,0
DA:517,0
DA:518,0
DA:522,0
DA:524,0
DA:527,0
DA:535,0
DA:550,0
DA:567,0
DA:571,0
DA:573,0
DA:574,0
DA:575,0
DA:586,0
DA:599,0
DA:600,0
DA:605,0
DA:606,0
DA:616,0
DA:625,0
DA:628,0
DA:648,0
DA:658,0
DA:671,0
DA:690,0
DA:700,1
LF:117
LH:5
BRDA:21,0,0,0
BRDA:24,1,0,0
BRDA:24,1,1,0
BRDA:25,2,0,0
BRDA:25,2,1,0
BRDA:26,3,0,0
BRDA:26,3,1,0
BRDA:27,4,0,0
BRDA:27,4,1,0
BRDA:27,4,2,0
BRDA:116,5,0,0
BRDA:116,5,1,0
BRDA:141,6,0,0
BRDA:141,6,1,0
BRDA:154,7,0,0
BRDA:154,7,1,0
BRDA:158,8,0,0
BRDA:158,8,1,0
BRDA:163,9,0,0
BRDA:163,9,1,0
BRDA:163,10,0,0
BRDA:163,10,1,0
BRDA:173,11,0,0
BRDA:173,11,1,0
BRDA:173,12,0,0
BRDA:173,12,1,0
BRDA:173,12,2,0
BRDA:186,13,0,0
BRDA:186,13,1,0
BRDA:203,14,0,0
BRDA:203,14,1,0
BRDA:212,15,0,0
BRDA:212,15,1,0
BRDA:250,16,0,0
BRDA:250,16,1,0
BRDA:303,17,0,0
BRDA:303,17,1,0
BRDA:307,18,0,0
BRDA:307,18,1,0
BRDA:345,19,0,0
BRDA:345,19,1,0
BRDA:349,20,0,0
BRDA:349,20,1,0
BRDA:394,21,0,0
BRDA:394,21,1,0
BRDA:398,22,0,0
BRDA:398,22,1,0
BRDA:470,23,0,0
BRDA:470,23,1,0
BRDA:474,24,0,0
BRDA:474,24,1,0
BRDA:513,25,0,0
BRDA:513,25,1,0
BRDA:517,26,0,0
BRDA:517,26,1,0
BRDA:522,27,0,0
BRDA:522,27,1,0
BRDA:545,28,0,0
BRDA:567,29,0,0
BRDA:567,29,1,0
BRDA:567,30,0,0
BRDA:567,30,1,0
BRDA:567,30,2,0
BRDA:574,31,0,0
BRDA:574,31,1,0
BRDA:599,32,0,0
BRDA:599,32,1,0
BRDA:657,33,0,0
BRDA:658,34,0,0
BRDA:658,34,1,0
BRDA:658,35,0,0
BRDA:658,35,1,0
BRDA:695,36,0,0
BRDA:695,36,1,0
BRF:74
BRH:0
end_of_record
TN:
SF:services/reconciliation-service.js
FN:20,(anonymous_0)
FN:92,(anonymous_1)
FN:93,(anonymous_2)
FN:120,(anonymous_3)
FN:174,(anonymous_4)
FN:219,(anonymous_5)
FN:283,(anonymous_6)
FN:328,(anonymous_7)
FN:410,(anonymous_8)
FN:411,(anonymous_9)
FN:439,(anonymous_10)
FN:451,(anonymous_11)
FN:471,(anonymous_12)
FN:501,(anonymous_13)
FN:518,(anonymous_14)
FN:542,(anonymous_15)
FN:557,(anonymous_16)
FN:572,(anonymous_17)
FNF:18
FNH:0
FNDA:0,(anonymous_0)
FNDA:0,(anonymous_1)
FNDA:0,(anonymous_2)
FNDA:0,(anonymous_3)
FNDA:0,(anonymous_4)
FNDA:0,(anonymous_5)
FNDA:0,(anonymous_6)
FNDA:0,(anonymous_7)
FNDA:0,(anonymous_8)
FNDA:0,(anonymous_9)
FNDA:0,(anonymous_10)
FNDA:0,(anonymous_11)
FNDA:0,(anonymous_12)
FNDA:0,(anonymous_13)
FNDA:0,(anonymous_14)
FNDA:0,(anonymous_15)
FNDA:0,(anonymous_16)
FNDA:0,(anonymous_17)
DA:1,0
DA:2,0
DA:4,0
DA:21,0
DA:22,0
DA:24,0
DA:26,0
DA:38,0
DA:41,0
DA:42,0
DA:43,0
DA:46,0
DA:53,0
DA:71,0
DA:77,0
DA:78,0
DA:81,0
DA:83,0
DA:92,0
DA:93,0
DA:98,0
DA:101,0
DA:110,0
DA:121,0
DA:123,0
DA:125,0
DA:136,0
DA:137,0
DA:138,0
DA:140,0
DA:141,0
DA:144,0
DA:145,0
DA:146,0
DA:156,0
DA:174,0
DA:175,0
DA:176,0
DA:188,0
DA:197,0
DA:198,0
DA:220,0
DA:222,0
DA:224,0
DA:235,0
DA:238,0
DA:250,0
DA:251,0
DA:253,0
DA:254,0
DA:257,0
DA:258,0
DA:259,0
DA:269,0
DA:283,0
DA:284,0
DA:285,0
DA:297,0
DA:306,0
DA:307,0
DA:329,0
DA:331,0
DA:333,0
DA:345,0
DA:348,0
DA:358,0
DA:359,0
DA:361,0
DA:362,0
DA:365,0
DA:366,0
DA:367,0
DA:379,0
DA:388,0
DA:389,0
DA:411,0
DA:427,0
DA:431,0
DA:440,0
DA:441,0
DA:442,0
DA:452,0
DA:472,0
DA:502,0
DA:519,0
DA:521,0
DA:522,0
DA:525,0
DA:526,0
DA:529,0
DA:531,0
DA:532,0
DA:543,0
DA:544,0
DA:545,0
DA:546,0
DA:558,0
DA:572,0
DA:573,0
DA:574,0
DA:577,0
DA:596,0
LF:102
LH:0
BRDA:20,0,0,0
BRDA:20,1,0,0
BRDA:77,2,0,0
BRDA:77,2,1,0
BRDA:136,3,0,0
BRDA:136,3,1,0
BRDA:137,4,0,0
BRDA:137,4,1,0
BRDA:144,5,0,0
BRDA:144,5,1,0
BRDA:152,6,0,0
BRDA:152,6,1,0
BRDA:235,7,0,0
BRDA:235,7,1,0
BRDA:250,8,0,0
BRDA:250,8,1,0
BRDA:257,9,0,0
BRDA:257,9,1,0
BRDA:265,10,0,0
BRDA:265,10,1,0
BRDA:284,11,0,0
BRDA:284,11,1,0
BRDA:345,12,0,0
BRDA:345,12,1,0
BRDA:358,13,0,0
BRDA:358,13,1,0
BRDA:365,14,0,0
BRDA:365,14,1,0
BRDA:373,15,0,0
BRDA:373,15,1,0
BRDA:415,16,0,0
BRDA:415,16,1,0
BRDA:416,17,0,0
BRDA:416,17,1,0
BRDA:417,18,0,0
BRDA:417,18,1,0
BRDA:419,19,0,0
BRDA:419,19,1,0
BRDA:420,20,0,0
BRDA:420,20,1,0
BRDA:440,21,0,0
BRDA:440,21,1,0
BRDA:441,22,0,0
BRDA:441,22,1,0
BRDA:441,23,0,0
BRDA:441,23,1,0
BRDA:451,24,0,0
BRDA:525,25,0,0
BRDA:525,25,1,0
BRDA:573,26,0,0
BRDA:573,26,1,0
BRDA:589,27,0,0
BRDA:589,27,1,0
BRDA:590,28,0,0
BRDA:590,28,1,0
BRDA:590,28,2,0
BRF:56
BRH:0
end_of_record
TN:
SF:services/warehouse-service.js
FN:19,(anonymous_0)
FN:61,(anonymous_1)
FN:87,(anonymous_2)
FN:147,(anonymous_3)
FN:269,(anonymous_4)
FN:329,(anonymous_5)
FN:370,(anonymous_6)
FN:386,(anonymous_7)
FN:422,(anonymous_8)
FN:458,(anonymous_9)
FN:499,(anonymous_10)
FN:567,(anonymous_11)
FN:596,(anonymous_12)
FN:624,(anonymous_13)
FN:661,(anonymous_14)
FN:684,(anonymous_15)
FN:697,(anonymous_16)
FN:700,(anonymous_17)
FN:722,(anonymous_18)
FN:743,(anonymous_19)
FN:781,(anonymous_20)
FN:803,(anonymous_21)
FNF:22
FNH:0
FNDA:0,(anonymous_0)
FNDA:0,(anonymous_1)
FNDA:0,(anonymous_2)
FNDA:0,(anonymous_3)
FNDA:0,(anonymous_4)
FNDA:0,(anonymous_5)
FNDA:0,(anonymous_6)
FNDA:0,(anonymous_7)
FNDA:0,(anonymous_8)
FNDA:0,(anonymous_9)
FNDA:0,(anonymous_10)
FNDA:0,(anonymous_11)
FNDA:0,(anonymous_12)
FNDA:0,(anonymous_13)
FNDA:0,(anonymous_14)
FNDA:0,(anonymous_15)
FNDA:0,(anonymous_16)
FNDA:0,(anonymous_17)
FNDA:0,(anonymous_18)
FNDA:0,(anonymous_19)
FNDA:0,(anonymous_20)
FNDA:0,(anonymous_21)
DA:1,1
DA:2,1
DA:4,1
DA:20,0
DA:34,0
DA:60,0
DA:62,0
DA:63,0
DA:67,0
DA:78,0
DA:88,0
DA:124,0
DA:125,0
DA:129,0
DA:130,0
DA:134,0
DA:169,0
DA:172,0
DA:179,0
DA:180,0
DA:184,0
DA:192,0
DA:193,0
DA:194,0
DA:198,0
DA:199,0
DA:211,0
DA:212,0
DA:224,0
DA:226,0
DA:259,0
DA:270,0
DA:277,0
DA:278,0
DA:282,0
DA:283,0
DA:296,0
DA:297,0
DA:309,0
DA:320,0
DA:330,0
DA:345,0
DA:346,0
DA:349,0
DA:350,0
DA:353,0
DA:354,0
DA:357,0
DA:361,0
DA:371,0
DA:378,0
DA:379,0
DA:382,0
DA:383,0
DA:386,0
DA:388,0
DA:400,0
DA:411,0
DA:423,0
DA:430,0
DA:431,0
DA:434,0
DA:435,0
DA:438,0
DA:449,0
DA:460,0
DA:467,0
DA:468,0
DA:471,0
DA:488,0
DA:501,0
DA:508,0
DA:509,0
DA:513,0
DA:517,0
DA:518,0
DA:522,0
DA:523,0
DA:524,0
DA:527,0
DA:557,0
DA:569,0
DA:576,0
DA:577,0
DA:580,0
DA:587,0
DA:597,0
DA:615,0
DA:625,0
DA:634,0
DA:636,0
DA:645,0
DA:647,0
DA:650,0
DA:653,0
DA:662,0
DA:673,0
DA:684,0
DA:685,0
DA:688,0
DA:698,0
DA:700,0
DA:704,0
DA:705,0
DA:707,0
DA:708,0
DA:709,0
DA:712,0
DA:723,0
DA:734,0
DA:745,0
DA:752,0
DA:753,0
DA:756,0
DA:779,0
DA:781,0
DA:782,0
DA:783,0
DA:784,0
DA:793,0
DA:794,0
DA:795,0
DA:797,0
DA:798,0
DA:799,0
DA:803,0
DA:804,0
DA:805,0
DA:809,0
DA:813,1
LF:130
LH:4
BRDA:19,0,0,0
BRDA:22,1,0,0
BRDA:22,1,1,0
BRDA:23,2,0,0
BRDA:23,2,1,0
BRDA:24,3,0,0
BRDA:24,3,1,0
BRDA:25,4,0,0
BRDA:25,4,1,0
BRDA:63,5,0,0
BRDA:63,5,1,0
BRDA:70,6,0,0
BRDA:70,6,1,0
BRDA:124,7,0,0
BRDA:124,7,1,0
BRDA:130,8,0,0
BRDA:130,8,1,0
BRDA:137,9,0,0
BRDA:137,9,1,0
BRDA:156,10,0,0
BRDA:161,11,0,0
BRDA:163,12,0,0
BRDA:164,13,0,0
BRDA:165,14,0,0
BRDA:166,15,0,0
BRDA:179,16,0,0
BRDA:179,16,1,0
BRDA:193,17,0,0
BRDA:193,17,1,0
BRDA:198,18,0,0
BRDA:198,18,1,0
BRDA:211,19,0,0
BRDA:211,19,1,0
BRDA:224,20,0,0
BRDA:224,20,1,0
BRDA:243,21,0,0
BRDA:243,21,1,0
BRDA:277,22,0,0
BRDA:277,22,1,0
BRDA:282,23,0,0
BRDA:282,23,1,0
BRDA:282,24,0,0
BRDA:282,24,1,0
BRDA:296,25,0,0
BRDA:296,25,1,0
BRDA:296,26,0,0
BRDA:296,26,1,0
BRDA:345,27,0,0
BRDA:345,27,1,0
BRDA:349,28,0,0
BRDA:349,28,1,0
BRDA:349,29,0,0
BRDA:349,29,1,0
BRDA:353,30,0,0
BRDA:353,30,1,0
BRDA:378,31,0,0
BRDA:378,31,1,0
BRDA:382,32,0,0
BRDA:382,32,1,0
BRDA:430,33,0,0
BRDA:430,33,1,0
BRDA:434,34,0,0
BRDA:434,34,1,0
BRDA:434,35,0,0
BRDA:434,35,1,0
BRDA:467,36,0,0
BRDA:467,36,1,0
BRDA:508,37,0,0
BRDA:508,37,1,0
BRDA:517,38,0,0
BRDA:517,38,1,0
BRDA:523,39,0,0
BRDA:523,39,1,0
BRDA:576,40,0,0
BRDA:576,40,1,0
BRDA:634,41,0,0
BRDA:634,41,1,0
BRDA:645,42,0,0
BRDA:645,42,1,0
BRDA:752,43,0,0
BRDA:752,43,1,0
BRDA:783,44,0,0
BRDA:783,44,1,0
BRDA:804,45,0,0
BRDA:804,45,1,0
BRF:85
BRH:0
end_of_record
